Base path: 'C:/Program Files/Unity/Hub/Editor/2019.3.0f6/Editor/Data', plugins path 'C:/Program Files/Unity/Hub/Editor/2019.3.0f6/Editor/Data/PlaybackEngines'
Cmd: initializeCompiler
Cmd: compileComputeKernel
  api=4 insize=848 outsize=320 ok=1
Cmd: compileComputeKernel
  api=9 insize=10288 outsize=10726 ok=1
Cmd: compileComputeKernel
  api=4 insize=15915 outsize=2847 ok=1
Cmd: compileComputeKernel
  api=4 insize=2673 outsize=2186 ok=1
Cmd: compileComputeKernel
  api=4 insize=10868 outsize=880 ok=1
Cmd: compileComputeKernel
  api=4 insize=5015 outsize=2757 ok=1
Cmd: compileComputeKernel
  api=4 insize=3111 outsize=2047 ok=1
Cmd: compileComputeKernel
  api=4 insize=40246 outsize=39367 ok=1
Cmd: compileComputeKernel
  api=4 insize=22295 outsize=14720 ok=1
Cmd: compileComputeKernel
  api=9 insize=7841 outsize=15419 ok=1
Cmd: compileComputeKernel
  api=4 insize=20116 outsize=5238 ok=1
Cmd: compileComputeKernel
  api=4 insize=5056 outsize=2055 ok=1
Cmd: compileComputeKernel
  api=4 insize=5168 outsize=695 ok=1
Cmd: compileComputeKernel
  api=4 insize=10338 outsize=4256 ok=1
Cmd: compileComputeKernel
  api=4 insize=10338 outsize=4225 ok=1
Cmd: compileComputeKernel
  api=4 insize=26542 outsize=16121 ok=1
Cmd: compileComputeKernel
  api=4 insize=15784 outsize=41506 ok=1
Cmd: compileComputeKernel
  api=4 insize=15784 outsize=37394 ok=1
Cmd: compileComputeKernel
  api=4 insize=15784 outsize=34046 ok=1
Cmd: compileComputeKernel
  api=4 insize=15784 outsize=33162 ok=1
Cmd: compileComputeKernel
  api=4 insize=15784 outsize=95512 ok=1
Cmd: compileComputeKernel
  api=4 insize=6258 outsize=4935 ok=1
Cmd: compileComputeKernel
  api=4 insize=5893 outsize=629 ok=1
Cmd: compileComputeKernel
  api=4 insize=7589 outsize=1261 ok=1
Cmd: compileComputeKernel
  api=9 insize=11045 outsize=9093 ok=1
Cmd: compileSnippet
  api=4 type=1 insize=5657 outsize=578 kw=OUTLINE_ON pd=UNITY_ENABLE_REFLECTION_BUFFERS UNITY_USE_DITHER_MASK_FOR_ALPHABLENDED_SHADOWS UNITY_PBS_USE_BRDF1 UNITY_SPECCUBE_BOX_PROJECTION UNITY_SPECCUBE_BLENDING UNITY_ENABLE_DETAIL_NORMALMAP SHADER_API_DESKTOP UNITY_LIGHT_PROBE_PROXY_VOLUME UNITY_LIGHTMAP_RGBM_ENCODING ok=1
